#
# There is insufficient memory for the Java Runtime Environment to continue.
# Native memory allocation (malloc) failed to allocate 2016496 bytes for Chunk::new
# Possible reasons:
#   The system is out of physical RAM or swap space
#   The process is running with CompressedOops enabled, and the Java Heap may be blocking the growth of the native heap
# Possible solutions:
#   Reduce memory load on the system
#   Increase physical memory or swap space
#   Check if swap backing store is full
#   Decrease Java heap size (-Xmx/-Xms)
#   Decrease number of Java threads
#   Decrease Java thread stack sizes (-Xss)
#   Set larger code cache with -XX:ReservedCodeCacheSize=
#   JVM is running with Zero Based Compressed Oops mode in which the Java heap is
#     placed in the first 32GB address space. The Java Heap base address is the
#     maximum limit for the native heap growth. Please use -XX:HeapBaseMinAddress
#     to set the Java Heap base and to place the Java Heap above 32GB virtual address.
# This output file may be truncated or incomplete.
#
#  Out of Memory Error (src/hotspot/share/memory/arena.cpp:197), pid=23116, tid=1320
#
# JRE version: OpenJDK Runtime Environment (11.0.15) (build 11.0.15+0-b2043.56-9505619)
# Java VM: OpenJDK 64-Bit Server VM (11.0.15+0-b2043.56-9505619, mixed mode, tiered, compressed oops, g1 gc, windows-amd64)
# No core dump will be written. Minidumps are not enabled by default on client versions of Windows
#

---------------  S U M M A R Y ------------

Command Line: --add-opens=java.base/java.util=ALL-UNNAMED --add-opens=java.base/java.lang=ALL-UNNAMED --add-opens=java.base/java.lang.invoke=ALL-UNNAMED --add-opens=java.base/java.util=ALL-UNNAMED --add-opens=java.prefs/java.util.prefs=ALL-UNNAMED --add-opens=java.prefs/java.util.prefs=ALL-UNNAMED --add-opens=java.base/java.nio.charset=ALL-UNNAMED --add-opens=java.base/java.net=ALL-UNNAMED --add-opens=java.base/java.util.concurrent.atomic=ALL-UNNAMED -Xmx4G -Dfile.encoding=windows-1251 -Duser.country=IN -Duser.language=en -Duser.variant org.gradle.launcher.daemon.bootstrap.GradleDaemon 7.5

Host: AMD Ryzen 5 4600H with Radeon Graphics         , 12 cores, 7G,  Windows 10 , 64 bit Build 19041 (10.0.19041.3636)
Time: Fri Dec 29 15:30:20 2023 India Standard Time elapsed time: 133.540933 seconds (0d 0h 2m 13s)

---------------  T H R E A D  ---------------

Current thread (0x000001e819a71800):  JavaThread "C2 CompilerThread0" daemon [_thread_in_native, id=1320, stack(0x0000007b78800000,0x0000007b78900000)]


Current CompileTask:
C2: 133540 11915   !   4       org.gradle.internal.instantiation.generator.DependencyInjectingInstantiator::doCreate (64 bytes)

Stack: [0x0000007b78800000,0x0000007b78900000]
Native frames: (J=compiled Java code, j=interpreted, Vv=VM code, C=native code)
V  [jvm.dll+0x64135a]
V  [jvm.dll+0x7d39f9]
V  [jvm.dll+0x7d51b9]
V  [jvm.dll+0x7d58a3]
V  [jvm.dll+0x2691c5]
V  [jvm.dll+0xc1a5c]
V  [jvm.dll+0xc200c]
V  [jvm.dll+0x3774a7]
V  [jvm.dll+0x342495]
V  [jvm.dll+0x34186a]
V  [jvm.dll+0x2214bd]
V  [jvm.dll+0x220498]
V  [jvm.dll+0x19e851]
V  [jvm.dll+0x230479]
V  [jvm.dll+0x22e5ef]
V  [jvm.dll+0x794de1]
V  [jvm.dll+0x78dc24]
V  [jvm.dll+0x6400f6]
C  [ucrtbase.dll+0x21bb2]
C  [KERNEL32.DLL+0x17344]
C  [ntdll.dll+0x526b1]


---------------  P R O C E S S  ---------------

Threads class SMR info:
_java_thread_list=0x000001e8243410c0, length=48, elements={
0x000001e879b57000, 0x000001e8191f1800, 0x000001e8191f3000, 0x000001e819a6b800,
0x000001e819a6d000, 0x000001e819a6e800, 0x000001e819a71800, 0x000001e819a7b800,
0x000001e819aa3800, 0x000001e819c03800, 0x000001e81af2b800, 0x000001e81a95e000,
0x000001e81b57b800, 0x000001e81b433800, 0x000001e81b434000, 0x000001e81b435000,
0x000001e81c34b800, 0x000001e81c348000, 0x000001e81c34a000, 0x000001e81c34a800,
0x000001e81c34d000, 0x000001e81c34e800, 0x000001e81c349000, 0x000001e81c351000,
0x000001e81c353000, 0x000001e81c34f800, 0x000001e81c9cc000, 0x000001e81c9c9000,
0x000001e81c9cf800, 0x000001e81c9d2800, 0x000001e81c9d4800, 0x000001e81c9d2000,
0x000001e81c9d3800, 0x000001e81c9d0000, 0x000001e8204ef800, 0x000001e8204f0800,
0x000001e8204ec800, 0x000001e8204eb800, 0x000001e8204f1000, 0x000001e8204ed000,
0x000001e8204ee000, 0x000001e8204f2000, 0x000001e8204ee800, 0x000001e8204f4800,
0x000001e8204f3800, 0x000001e8204f6000, 0x000001e8204f7000, 0x000001e8204f7800
}

Java Threads: ( => current thread )
  0x000001e879b57000 JavaThread "main" [_thread_blocked, id=2696, stack(0x0000007b77c00000,0x0000007b77d00000)]
  0x000001e8191f1800 JavaThread "Reference Handler" daemon [_thread_blocked, id=7276, stack(0x0000007b78300000,0x0000007b78400000)]
  0x000001e8191f3000 JavaThread "Finalizer" daemon [_thread_blocked, id=16316, stack(0x0000007b78400000,0x0000007b78500000)]
  0x000001e819a6b800 JavaThread "Signal Dispatcher" daemon [_thread_blocked, id=22176, stack(0x0000007b78500000,0x0000007b78600000)]
  0x000001e819a6d000 JavaThread "Attach Listener" daemon [_thread_blocked, id=20928, stack(0x0000007b78600000,0x0000007b78700000)]
  0x000001e819a6e800 JavaThread "Service Thread" daemon [_thread_blocked, id=10460, stack(0x0000007b78700000,0x0000007b78800000)]
=>0x000001e819a71800 JavaThread "C2 CompilerThread0" daemon [_thread_in_native, id=1320, stack(0x0000007b78800000,0x0000007b78900000)]
  0x000001e819a7b800 JavaThread "C1 CompilerThread0" daemon [_thread_blocked, id=3476, stack(0x0000007b78900000,0x0000007b78a00000)]
  0x000001e819aa3800 JavaThread "Sweeper thread" daemon [_thread_blocked, id=19972, stack(0x0000007b78a00000,0x0000007b78b00000)]
  0x000001e819c03800 JavaThread "Common-Cleaner" daemon [_thread_blocked, id=18732, stack(0x0000007b78b00000,0x0000007b78c00000)]
  0x000001e81af2b800 JavaThread "Daemon health stats" [_thread_blocked, id=14220, stack(0x0000007b78e00000,0x0000007b78f00000)]
  0x000001e81a95e000 JavaThread "Incoming local TCP Connector on port 62145" [_thread_in_native, id=17004, stack(0x0000007b78f00000,0x0000007b79000000)]
  0x000001e81b57b800 JavaThread "Daemon periodic checks" [_thread_blocked, id=14096, stack(0x0000007b79000000,0x0000007b79100000)]
  0x000001e81b433800 JavaThread "Cache worker for journal cache (C:\Users\Mannu\.gradle\caches\journal-1)" [_thread_blocked, id=23040, stack(0x0000007b7a100000,0x0000007b7a200000)]
  0x000001e81b434000 JavaThread "File lock request listener" [_thread_in_native, id=7652, stack(0x0000007b7a200000,0x0000007b7a300000)]
  0x000001e81b435000 JavaThread "Cache worker for file hash cache (C:\Users\Mannu\.gradle\caches\7.5\fileHashes)" [_thread_blocked, id=4340, stack(0x0000007b7a300000,0x0000007b7a400000)]
  0x000001e81c34b800 JavaThread "File watcher server" daemon [_thread_in_native, id=11776, stack(0x0000007b7a600000,0x0000007b7a700000)]
  0x000001e81c348000 JavaThread "File watcher consumer" daemon [_thread_blocked, id=15176, stack(0x0000007b7a700000,0x0000007b7a800000)]
  0x000001e81c34a000 JavaThread "Cache worker for file content cache (C:\Users\Mannu\.gradle\caches\7.5\fileContent)" [_thread_blocked, id=19012, stack(0x0000007b7aa00000,0x0000007b7ab00000)]
  0x000001e81c34a800 JavaThread "Cache worker for execution history cache (C:\Users\Mannu\.gradle\caches\7.5\executionHistory)" [_thread_blocked, id=2448, stack(0x0000007b7ad00000,0x0000007b7ae00000)]
  0x000001e81c34d000 JavaThread "jar transforms" [_thread_blocked, id=6420, stack(0x0000007b7ae00000,0x0000007b7af00000)]
  0x000001e81c34e800 JavaThread "Cache worker for kotlin-dsl (C:\Users\Mannu\.gradle\caches\7.5\kotlin-dsl)" [_thread_blocked, id=11784, stack(0x0000007b7af00000,0x0000007b7b000000)]
  0x000001e81c349000 JavaThread "jar transforms Thread 2" [_thread_blocked, id=1864, stack(0x0000007b7b000000,0x0000007b7b100000)]
  0x000001e81c351000 JavaThread "jar transforms Thread 3" [_thread_blocked, id=22976, stack(0x0000007b7b300000,0x0000007b7b400000)]
  0x000001e81c353000 JavaThread "Memory manager" [_thread_blocked, id=13904, stack(0x0000007b7b400000,0x0000007b7b500000)]
  0x000001e81c34f800 JavaThread "jar transforms Thread 4" [_thread_blocked, id=15180, stack(0x0000007b7b500000,0x0000007b7b600000)]
  0x000001e81c9cc000 JavaThread "jar transforms Thread 5" [_thread_blocked, id=3852, stack(0x0000007b04500000,0x0000007b04600000)]
  0x000001e81c9c9000 JavaThread "jar transforms Thread 6" [_thread_blocked, id=6168, stack(0x0000007b04600000,0x0000007b04700000)]
  0x000001e81c9cf800 JavaThread "jar transforms Thread 7" [_thread_blocked, id=10772, stack(0x0000007b04700000,0x0000007b04800000)]
  0x000001e81c9d2800 JavaThread "jar transforms Thread 8" [_thread_blocked, id=21224, stack(0x0000007b04800000,0x0000007b04900000)]
  0x000001e81c9d4800 JavaThread "jar transforms Thread 9" [_thread_blocked, id=19700, stack(0x0000007b04900000,0x0000007b04a00000)]
  0x000001e81c9d2000 JavaThread "jar transforms Thread 10" [_thread_blocked, id=22152, stack(0x0000007b04a00000,0x0000007b04b00000)]
  0x000001e81c9d3800 JavaThread "jar transforms Thread 11" [_thread_blocked, id=5836, stack(0x0000007b04b00000,0x0000007b04c00000)]
  0x000001e81c9d0000 JavaThread "jar transforms Thread 12" [_thread_blocked, id=19800, stack(0x0000007b04c00000,0x0000007b04d00000)]
  0x000001e8204ef800 JavaThread "File lock release action executor" [_thread_blocked, id=14300, stack(0x0000007b00200000,0x0000007b00300000)]
  0x000001e8204f0800 JavaThread "Daemon Thread 2" [_thread_blocked, id=19128, stack(0x0000007b00300000,0x0000007b00400000)]
  0x000001e8204ec800 JavaThread "Handler for socket connection from /127.0.0.1:62145 to /127.0.0.1:62432" [_thread_in_native, id=21352, stack(0x0000007b00400000,0x0000007b00500000)]
  0x000001e8204eb800 JavaThread "Cancel handler" [_thread_blocked, id=5000, stack(0x0000007b00500000,0x0000007b00600000)]
  0x000001e8204f1000 JavaThread "Daemon worker Thread 2" [_thread_in_Java, id=13424, stack(0x0000007b00600000,0x0000007b00700000)]
  0x000001e8204ed000 JavaThread "Asynchronous log dispatcher for DefaultDaemonConnection: socket connection from /127.0.0.1:62145 to /127.0.0.1:62432" [_thread_blocked, id=8544, stack(0x0000007b00700000,0x0000007b00800000)]
  0x000001e8204ee000 JavaThread "Stdin handler" [_thread_blocked, id=13204, stack(0x0000007b00800000,0x0000007b00900000)]
  0x000001e8204f2000 JavaThread "Daemon client event forwarder" [_thread_blocked, id=5216, stack(0x0000007b00900000,0x0000007b00a00000)]
  0x000001e8204ee800 JavaThread "Cache worker for checksums cache (D:\Flutter\flappybird\android\.gradle\7.5\checksums)" [_thread_blocked, id=22000, stack(0x0000007b00a00000,0x0000007b00b00000)]
  0x000001e8204f4800 JavaThread "Cache worker for cache directory md-rule (C:\Users\Mannu\.gradle\caches\7.5\md-rule)" [_thread_blocked, id=8240, stack(0x0000007b00b00000,0x0000007b00c00000)]
  0x000001e8204f3800 JavaThread "Cache worker for file hash cache (D:\Flutter\flappybird\android\.gradle\7.5\fileHashes)" [_thread_blocked, id=3456, stack(0x0000007b00c00000,0x0000007b00d00000)]
  0x000001e8204f6000 JavaThread "Cache worker for cache directory md-supplier (C:\Users\Mannu\.gradle\caches\7.5\md-supplier)" [_thread_blocked, id=11252, stack(0x0000007b00d00000,0x0000007b00e00000)]
  0x000001e8204f7000 JavaThread "Cache worker for dependencies-accessors (D:\Flutter\flappybird\android\.gradle\7.5\dependencies-accessors)" [_thread_blocked, id=20800, stack(0x0000007b00e00000,0x0000007b00f00000)]
  0x000001e8204f7800 JavaThread "Cache worker for Build Output Cleanup Cache (C:\src\flutter\packages\flutter_tools\gradle\.gradle\buildOutputCleanup)" [_thread_blocked, id=23100, stack(0x0000007b00f00000,0x0000007b01000000)]

Other Threads:
  0x000001e8191dd000 VMThread "VM Thread" [stack: 0x0000007b78200000,0x0000007b78300000] [id=23060]
  0x000001e819c0c800 WatcherThread [stack: 0x0000007b78c00000,0x0000007b78d00000] [id=2632]
  0x000001e879b6f000 GCTaskThread "GC Thread#0" [stack: 0x0000007b77d00000,0x0000007b77e00000] [id=14524]
  0x000001e81a82d000 GCTaskThread "GC Thread#1" [stack: 0x0000007b78d00000,0x0000007b78e00000] [id=2068]
  0x000001e81bccc800 GCTaskThread "GC Thread#2" [stack: 0x0000007b79800000,0x0000007b79900000] [id=20548]
  0x000001e81bf73000 GCTaskThread "GC Thread#3" [stack: 0x0000007b79900000,0x0000007b79a00000] [id=13840]
  0x000001e81bcca800 GCTaskThread "GC Thread#4" [stack: 0x0000007b79a00000,0x0000007b79b00000] [id=23228]
  0x000001e81bcd1000 GCTaskThread "GC Thread#5" [stack: 0x0000007b79b00000,0x0000007b79c00000] [id=9208]
  0x000001e81bcd2000 GCTaskThread "GC Thread#6" [stack: 0x0000007b79c00000,0x0000007b79d00000] [id=13468]
  0x000001e81bcd2800 GCTaskThread "GC Thread#7" [stack: 0x0000007b79d00000,0x0000007b79e00000] [id=716]
  0x000001e81bcd3800 GCTaskThread "GC Thread#8" [stack: 0x0000007b79e00000,0x0000007b79f00000] [id=22884]
  0x000001e81bcd4000 GCTaskThread "GC Thread#9" [stack: 0x0000007b79f00000,0x0000007b7a000000] [id=9868]
  0x000001e879bcc000 ConcurrentGCThread "G1 Main Marker" [stack: 0x0000007b77e00000,0x0000007b77f00000] [id=5032]
  0x000001e879bcd000 ConcurrentGCThread "G1 Conc#0" [stack: 0x0000007b77f00000,0x0000007b78000000] [id=13688]
  0x000001e81be19800 ConcurrentGCThread "G1 Conc#1" [stack: 0x0000007b7a400000,0x0000007b7a500000] [id=20268]
  0x000001e81c1ce800 ConcurrentGCThread "G1 Conc#2" [stack: 0x0000007b7a500000,0x0000007b7a600000] [id=17380]
  0x000001e819044800 ConcurrentGCThread "G1 Refine#0" [stack: 0x0000007b78000000,0x0000007b78100000] [id=4580]
  0x000001e81bf83800 ConcurrentGCThread "G1 Refine#1" [stack: 0x0000007b7a000000,0x0000007b7a100000] [id=10304]
  0x000001e819045000 ConcurrentGCThread "G1 Young RemSet Sampling" [stack: 0x0000007b78100000,0x0000007b78200000] [id=5336]

Threads with active compile tasks:
C2 CompilerThread0   133579 11915   !   4       org.gradle.internal.instantiation.generator.DependencyInjectingInstantiator::doCreate (64 bytes)
C1 CompilerThread0   133579 11964       2       org.apache.commons.lang.text.StrBuilder::append (32 bytes)

VM state:not at safepoint (normal execution)

VM Mutex/Monitor currently owned by a thread: None

Heap address: 0x0000000700000000, size: 4096 MB, Compressed Oops mode: Zero based, Oop shift amount: 3
Narrow klass base: 0x0000000800000000, Narrow klass shift: 0
Compressed class space size: 1073741824 Address: 0x0000000800000000

Heap:
 garbage-first heap   total 145408K, used 107697K [0x0000000700000000, 0x0000000800000000)
  region size 1024K, 12 young (12288K), 3 survivors (3072K)
 Metaspace       used 98154K, capacity 101252K, committed 101456K, reserved 1136640K
  class space    used 12862K, capacity 13970K, committed 13984K, reserved 1048576K
Heap Regions: E=young(eden), S=young(survivor), O=old, HS=humongous(starts), HC=humongous(continues), CS=collection set, F=free, A=archive, TAMS=top-at-mark-start (previous, next)
|   0|0x0000000700000000, 0x0000000700100000, 0x0000000700100000|100%| O|  |TAMS 0x0000000700100000, 0x0000000700000000| Untracked 
|   1|0x0000000700100000, 0x0000000700200000, 0x0000000700200000|100%| O|  |TAMS 0x0000000700200000, 0x0000000700100000| Untracked 
|   2|0x0000000700200000, 0x0000000700300000, 0x0000000700300000|100%| O|  |TAMS 0x0000000700300000, 0x0000000700200000| Untracked 
|   3|0x0000000700300000, 0x0000000700400000, 0x0000000700400000|100%|HS|  |TAMS 0x0000000700400000, 0x0000000700300000| Complete 
|   4|0x0000000700400000, 0x0000000700500000, 0x0000000700500000|100%|HC|  |TAMS 0x0000000700500000, 0x0000000700400000| Complete 
|   5|0x0000000700500000, 0x0000000700600000, 0x0000000700600000|100%|HC|  |TAMS 0x0000000700600000, 0x0000000700500000| Complete 
|   6|0x0000000700600000, 0x0000000700700000, 0x0000000700700000|100%| O|  |TAMS 0x0000000700700000, 0x0000000700600000| Untracked 
|   7|0x0000000700700000, 0x0000000700800000, 0x0000000700800000|100%| O|  |TAMS 0x0000000700800000, 0x0000000700700000| Untracked 
|   8|0x0000000700800000, 0x0000000700900000, 0x0000000700900000|100%| O|  |TAMS 0x0000000700900000, 0x0000000700800000| Untracked 
|   9|0x0000000700900000, 0x0000000700a00000, 0x0000000700a00000|100%| O|  |TAMS 0x0000000700a00000, 0x0000000700900000| Untracked 
|  10|0x0000000700a00000, 0x0000000700b00000, 0x0000000700b00000|100%| O|  |TAMS 0x0000000700b00000, 0x0000000700a00000| Untracked 
|  11|0x0000000700b00000, 0x0000000700c00000, 0x0000000700c00000|100%| O|  |TAMS 0x0000000700c00000, 0x0000000700b00000| Untracked 
|  12|0x0000000700c00000, 0x0000000700d00000, 0x0000000700d00000|100%| O|  |TAMS 0x0000000700d00000, 0x0000000700c00000| Untracked 
|  13|0x0000000700d00000, 0x0000000700e00000, 0x0000000700e00000|100%| O|  |TAMS 0x0000000700e00000, 0x0000000700d00000| Untracked 
|  14|0x0000000700e00000, 0x0000000700f00000, 0x0000000700f00000|100%| O|  |TAMS 0x0000000700f00000, 0x0000000700e00000| Untracked 
|  15|0x0000000700f00000, 0x0000000701000000, 0x0000000701000000|100%| O|  |TAMS 0x0000000701000000, 0x0000000700f00000| Untracked 
|  16|0x0000000701000000, 0x0000000701100000, 0x0000000701100000|100%| O|  |TAMS 0x0000000701100000, 0x0000000701000000| Untracked 
|  17|0x0000000701100000, 0x0000000701200000, 0x0000000701200000|100%| O|  |TAMS 0x0000000701200000, 0x0000000701100000| Untracked 
|  18|0x0000000701200000, 0x0000000701300000, 0x0000000701300000|100%| O|  |TAMS 0x0000000701300000, 0x0000000701200000| Untracked 
|  19|0x0000000701300000, 0x0000000701400000, 0x0000000701400000|100%| O|  |TAMS 0x0000000701400000, 0x0000000701300000| Untracked 
|  20|0x0000000701400000, 0x0000000701500000, 0x0000000701500000|100%| O|  |TAMS 0x0000000701500000, 0x0000000701400000| Untracked 
|  21|0x0000000701500000, 0x0000000701600000, 0x0000000701600000|100%| O|  |TAMS 0x0000000701600000, 0x0000000701500000| Untracked 
|  22|0x0000000701600000, 0x0000000701700000, 0x0000000701700000|100%| O|  |TAMS 0x0000000701700000, 0x0000000701600000| Untracked 
|  23|0x0000000701700000, 0x0000000701800000, 0x0000000701800000|100%| O|  |TAMS 0x0000000701800000, 0x0000000701700000| Untracked 
|  24|0x0000000701800000, 0x0000000701900000, 0x0000000701900000|100%| O|  |TAMS 0x0000000701900000, 0x0000000701800000| Untracked 
|  25|0x0000000701900000, 0x0000000701a00000, 0x0000000701a00000|100%| O|  |TAMS 0x0000000701a00000, 0x0000000701900000| Untracked 
|  26|0x0000000701a00000, 0x0000000701b00000, 0x0000000701b00000|100%| O|  |TAMS 0x0000000701b00000, 0x0000000701a00000| Untracked 
|  27|0x0000000701b00000, 0x0000000701c00000, 0x0000000701c00000|100%| O|  |TAMS 0x0000000701c00000, 0x0000000701b00000| Untracked 
|  28|0x0000000701c00000, 0x0000000701d00000, 0x0000000701d00000|100%| O|  |TAMS 0x0000000701d00000, 0x0000000701c00000| Untracked 
|  29|0x0000000701d00000, 0x0000000701e00000, 0x0000000701e00000|100%| O|  |TAMS 0x0000000701e00000, 0x0000000701d00000| Untracked 
|  30|0x0000000701e00000, 0x0000000701f00000, 0x0000000701f00000|100%| O|  |TAMS 0x0000000701f00000, 0x0000000701e00000| Untracked 
|  31|0x0000000701f00000, 0x0000000702000000, 0x0000000702000000|100%| O|  |TAMS 0x0000000702000000, 0x0000000701f00000| Untracked 
|  32|0x0000000702000000, 0x0000000702100000, 0x0000000702100000|100%|HS|  |TAMS 0x0000000702100000, 0x0000000702000000| Complete 
|  33|0x0000000702100000, 0x0000000702200000, 0x0000000702200000|100%|HS|  |TAMS 0x0000000702200000, 0x0000000702100000| Complete 
|  34|0x0000000702200000, 0x0000000702300000, 0x0000000702300000|100%| O|  |TAMS 0x0000000702300000, 0x0000000702200000| Untracked 
|  35|0x0000000702300000, 0x0000000702400000, 0x0000000702400000|100%|HS|  |TAMS 0x0000000702400000, 0x0000000702300000| Complete 
|  36|0x0000000702400000, 0x0000000702500000, 0x0000000702500000|100%|HC|  |TAMS 0x0000000702500000, 0x0000000702400000| Complete 
|  37|0x0000000702500000, 0x0000000702600000, 0x0000000702600000|100%|HS|  |TAMS 0x0000000702600000, 0x0000000702500000| Complete 
|  38|0x0000000702600000, 0x0000000702700000, 0x0000000702700000|100%|HS|  |TAMS 0x0000000702700000, 0x0000000702600000| Complete 
|  39|0x0000000702700000, 0x0000000702800000, 0x0000000702800000|100%|HC|  |TAMS 0x0000000702800000, 0x0000000702700000| Complete 
|  40|0x0000000702800000, 0x0000000702900000, 0x0000000702900000|100%|HC|  |TAMS 0x0000000702900000, 0x0000000702800000| Complete 
|  41|0x0000000702900000, 0x0000000702a00000, 0x0000000702a00000|100%| O|  |TAMS 0x0000000702a00000, 0x0000000702900000| Untracked 
|  42|0x0000000702a00000, 0x0000000702b00000, 0x0000000702b00000|100%| O|  |TAMS 0x0000000702b00000, 0x0000000702a00000| Untracked 
|  43|0x0000000702b00000, 0x0000000702c00000, 0x0000000702c00000|100%| O|  |TAMS 0x0000000702c00000, 0x0000000702b00000| Untracked 
|  44|0x0000000702c00000, 0x0000000702d00000, 0x0000000702d00000|100%| O|  |TAMS 0x0000000702d00000, 0x0000000702c00000| Untracked 
|  45|0x0000000702d00000, 0x0000000702e00000, 0x0000000702e00000|100%| O|  |TAMS 0x0000000702e00000, 0x0000000702d00000| Untracked 
|  46|0x0000000702e00000, 0x0000000702f00000, 0x0000000702f00000|100%| O|  |TAMS 0x0000000702f00000, 0x0000000702e00000| Untracked 
|  47|0x0000000702f00000, 0x0000000703000000, 0x0000000703000000|100%| O|  |TAMS 0x0000000703000000, 0x0000000702f00000| Untracked 
|  48|0x0000000703000000, 0x0000000703100000, 0x0000000703100000|100%| O|  |TAMS 0x0000000703100000, 0x0000000703000000| Untracked 
|  49|0x0000000703100000, 0x0000000703200000, 0x0000000703200000|100%| O|  |TAMS 0x0000000703200000, 0x0000000703100000| Untracked 
|  50|0x0000000703200000, 0x0000000703300000, 0x0000000703300000|100%| O|  |TAMS 0x0000000703300000, 0x0000000703200000| Untracked 
|  51|0x0000000703300000, 0x0000000703400000, 0x0000000703400000|100%| O|  |TAMS 0x0000000703400000, 0x0000000703300000| Untracked 
|  52|0x0000000703400000, 0x0000000703500000, 0x0000000703500000|100%| O|  |TAMS 0x0000000703500000, 0x0000000703400000| Untracked 
|  53|0x0000000703500000, 0x0000000703600000, 0x0000000703600000|100%| O|  |TAMS 0x0000000703600000, 0x0000000703500000| Untracked 
|  54|0x0000000703600000, 0x0000000703700000, 0x0000000703700000|100%| O|  |TAMS 0x0000000703700000, 0x0000000703600000| Untracked 
|  55|0x0000000703700000, 0x0000000703800000, 0x0000000703800000|100%| O|  |TAMS 0x0000000703800000, 0x0000000703700000| Untracked 
|  56|0x0000000703800000, 0x0000000703900000, 0x0000000703900000|100%| O|  |TAMS 0x0000000703900000, 0x0000000703800000| Untracked 
|  57|0x0000000703900000, 0x0000000703a00000, 0x0000000703a00000|100%| O|  |TAMS 0x0000000703a00000, 0x0000000703900000| Untracked 
|  58|0x0000000703a00000, 0x0000000703b00000, 0x0000000703b00000|100%| O|  |TAMS 0x0000000703b00000, 0x0000000703a00000| Untracked 
|  59|0x0000000703b00000, 0x0000000703c00000, 0x0000000703c00000|100%| O|  |TAMS 0x0000000703c00000, 0x0000000703b00000| Untracked 
|  60|0x0000000703c00000, 0x0000000703d00000, 0x0000000703d00000|100%| O|  |TAMS 0x0000000703d00000, 0x0000000703c00000| Untracked 
|  61|0x0000000703d00000, 0x0000000703e00000, 0x0000000703e00000|100%| O|  |TAMS 0x0000000703e00000, 0x0000000703d00000| Untracked 
|  62|0x0000000703e00000, 0x0000000703f00000, 0x0000000703f00000|100%| O|  |TAMS 0x0000000703f00000, 0x0000000703e00000| Untracked 
|  63|0x0000000703f00000, 0x0000000704000000, 0x0000000704000000|100%| O|  |TAMS 0x0000000704000000, 0x0000000703f00000| Untracked 
|  64|0x0000000704000000, 0x0000000704100000, 0x0000000704100000|100%| O|  |TAMS 0x0000000704100000, 0x0000000704000000| Untracked 
|  65|0x0000000704100000, 0x0000000704200000, 0x0000000704200000|100%| O|  |TAMS 0x0000000704200000, 0x0000000704100000| Untracked 
|  66|0x0000000704200000, 0x0000000704300000, 0x0000000704300000|100%| O|  |TAMS 0x0000000704300000, 0x0000000704200000| Untracked 
|  67|0x0000000704300000, 0x0000000704400000, 0x0000000704400000|100%| O|  |TAMS 0x0000000704400000, 0x0000000704300000| Untracked 
|  68|0x0000000704400000, 0x0000000704500000, 0x0000000704500000|100%| O|  |TAMS 0x0000000704500000, 0x0000000704400000| Untracked 
|  69|0x0000000704500000, 0x0000000704600000, 0x0000000704600000|100%| O|  |TAMS 0x0000000704600000, 0x0000000704500000| Untracked 
|  70|0x0000000704600000, 0x0000000704700000, 0x0000000704700000|100%| O|  |TAMS 0x0000000704700000, 0x0000000704600000| Untracked 
|  71|0x0000000704700000, 0x0000000704800000, 0x0000000704800000|100%| O|  |TAMS 0x0000000704800000, 0x0000000704700000| Untracked 
|  72|0x0000000704800000, 0x0000000704900000, 0x0000000704900000|100%| O|  |TAMS 0x0000000704900000, 0x0000000704800000| Untracked 
|  73|0x0000000704900000, 0x0000000704a00000, 0x0000000704a00000|100%| O|  |TAMS 0x0000000704a00000, 0x0000000704900000| Untracked 
|  74|0x0000000704a00000, 0x0000000704b00000, 0x0000000704b00000|100%| O|  |TAMS 0x0000000704b00000, 0x0000000704a00000| Untracked 
|  75|0x0000000704b00000, 0x0000000704c00000, 0x0000000704c00000|100%| O|  |TAMS 0x0000000704c00000, 0x0000000704b00000| Untracked 
|  76|0x0000000704c00000, 0x0000000704d00000, 0x0000000704d00000|100%| O|  |TAMS 0x0000000704d00000, 0x0000000704c00000| Untracked 
|  77|0x0000000704d00000, 0x0000000704e00000, 0x0000000704e00000|100%| O|  |TAMS 0x0000000704e00000, 0x0000000704d00000| Untracked 
|  78|0x0000000704e00000, 0x0000000704f00000, 0x0000000704f00000|100%| O|  |TAMS 0x0000000704f00000, 0x0000000704e00000| Untracked 
|  79|0x0000000704f00000, 0x0000000705000000, 0x0000000705000000|100%| O|  |TAMS 0x0000000705000000, 0x0000000704f00000| Untracked 
|  80|0x0000000705000000, 0x0000000705100000, 0x0000000705100000|100%| O|  |TAMS 0x0000000705100000, 0x0000000705000000| Untracked 
|  81|0x0000000705100000, 0x0000000705200000, 0x0000000705200000|100%| O|  |TAMS 0x0000000705200000, 0x0000000705100000| Untracked 
|  82|0x0000000705200000, 0x0000000705300000, 0x0000000705300000|100%| O|  |TAMS 0x0000000705300000, 0x0000000705200000| Untracked 
|  83|0x0000000705300000, 0x0000000705400000, 0x0000000705400000|100%| O|  |TAMS 0x0000000705400000, 0x0000000705300000| Untracked 
|  84|0x0000000705400000, 0x0000000705500000, 0x0000000705500000|100%| O|  |TAMS 0x0000000705500000, 0x0000000705400000| Untracked 
|  85|0x0000000705500000, 0x0000000705600000, 0x0000000705600000|100%| O|  |TAMS 0x0000000705600000, 0x0000000705500000| Untracked 
|  86|0x0000000705600000, 0x0000000705700000, 0x0000000705700000|100%| O|  |TAMS 0x0000000705700000, 0x0000000705600000| Untracked 
|  87|0x0000000705700000, 0x0000000705800000, 0x0000000705800000|100%| O|  |TAMS 0x0000000705800000, 0x0000000705700000| Untracked 
|  88|0x0000000705800000, 0x0000000705900000, 0x0000000705900000|100%| O|  |TAMS 0x0000000705900000, 0x0000000705800000| Untracked 
|  89|0x0000000705900000, 0x0000000705a00000, 0x0000000705a00000|100%| O|  |TAMS 0x0000000705a00000, 0x0000000705900000| Untracked 
|  90|0x0000000705a00000, 0x0000000705b00000, 0x0000000705b00000|100%| O|  |TAMS 0x0000000705addc00, 0x0000000705a00000| Untracked 
|  91|0x0000000705b00000, 0x0000000705c00000, 0x0000000705c00000|100%| O|  |TAMS 0x0000000705b00000, 0x0000000705b00000| Untracked 
|  92|0x0000000705c00000, 0x0000000705d00000, 0x0000000705d00000|100%| O|  |TAMS 0x0000000705c00000, 0x0000000705c00000| Untracked 
|  93|0x0000000705d00000, 0x0000000705e00000, 0x0000000705e00000|100%| O|  |TAMS 0x0000000705d00000, 0x0000000705d00000| Untracked 
|  94|0x0000000705e00000, 0x0000000705e77400, 0x0000000705f00000| 46%| O|  |TAMS 0x0000000705e00000, 0x0000000705e00000| Untracked 
|  95|0x0000000705f00000, 0x0000000705f00000, 0x0000000706000000|  0%| F|  |TAMS 0x0000000705f00000, 0x0000000705f00000| Untracked 
|  96|0x0000000706000000, 0x0000000706000000, 0x0000000706100000|  0%| F|  |TAMS 0x0000000706000000, 0x0000000706000000| Untracked 
|  97|0x0000000706100000, 0x0000000706100000, 0x0000000706200000|  0%| F|  |TAMS 0x0000000706100000, 0x0000000706100000| Untracked 
|  98|0x0000000706200000, 0x0000000706200000, 0x0000000706300000|  0%| F|  |TAMS 0x0000000706200000, 0x0000000706200000| Untracked 
|  99|0x0000000706300000, 0x0000000706300000, 0x0000000706400000|  0%| F|  |TAMS 0x0000000706300000, 0x0000000706300000| Untracked 
| 100|0x0000000706400000, 0x0000000706400000, 0x0000000706500000|  0%| F|  |TAMS 0x0000000706400000, 0x0000000706400000| Untracked 
| 101|0x0000000706500000, 0x0000000706500000, 0x0000000706600000|  0%| F|  |TAMS 0x0000000706500000, 0x0000000706500000| Untracked 
| 102|0x0000000706600000, 0x0000000706600000, 0x0000000706700000|  0%| F|  |TAMS 0x0000000706600000, 0x0000000706600000| Untracked 
| 103|0x0000000706700000, 0x0000000706700000, 0x0000000706800000|  0%| F|  |TAMS 0x0000000706700000, 0x0000000706700000| Untracked 
| 104|0x0000000706800000, 0x0000000706800000, 0x0000000706900000|  0%| F|  |TAMS 0x0000000706800000, 0x0000000706800000| Untracked 
| 105|0x0000000706900000, 0x0000000706900000, 0x0000000706a00000|  0%| F|  |TAMS 0x0000000706900000, 0x0000000706900000| Untracked 
| 106|0x0000000706a00000, 0x0000000706a00000, 0x0000000706b00000|  0%| F|  |TAMS 0x0000000706a00000, 0x0000000706a00000| Untracked 
| 107|0x0000000706b00000, 0x0000000706b00000, 0x0000000706c00000|  0%| F|  |TAMS 0x0000000706b00000, 0x0000000706b00000| Untracked 
| 108|0x0000000706c00000, 0x0000000706c00000, 0x0000000706d00000|  0%| F|  |TAMS 0x0000000706c00000, 0x0000000706c00000| Untracked 
| 109|0x0000000706d00000, 0x0000000706d00000, 0x0000000706e00000|  0%| F|  |TAMS 0x0000000706d00000, 0x0000000706d00000| Untracked 
| 110|0x0000000706e00000, 0x0000000706e00000, 0x0000000706f00000|  0%| F|  |TAMS 0x0000000706e00000, 0x0000000706e00000| Untracked 
| 111|0x0000000706f00000, 0x0000000706f00000, 0x0000000707000000|  0%| F|  |TAMS 0x0000000706f00000, 0x0000000706f00000| Untracked 
| 112|0x0000000707000000, 0x0000000707000000, 0x0000000707100000|  0%| F|  |TAMS 0x0000000707000000, 0x0000000707000000| Untracked 
| 113|0x0000000707100000, 0x0000000707100000, 0x0000000707200000|  0%| F|  |TAMS 0x0000000707100000, 0x0000000707100000| Untracked 
| 114|0x0000000707200000, 0x00000007072b52c0, 0x0000000707300000| 70%| S|CS|TAMS 0x0000000707200000, 0x0000000707200000| Complete 
| 115|0x0000000707300000, 0x0000000707400000, 0x0000000707400000|100%| S|CS|TAMS 0x0000000707300000, 0x0000000707300000| Complete 
| 116|0x0000000707400000, 0x0000000707500000, 0x0000000707500000|100%| S|CS|TAMS 0x0000000707400000, 0x0000000707400000| Complete 
| 117|0x0000000707500000, 0x0000000707500000, 0x0000000707600000|  0%| F|  |TAMS 0x0000000707500000, 0x0000000707500000| Untracked 
| 118|0x0000000707600000, 0x0000000707600000, 0x0000000707700000|  0%| F|  |TAMS 0x0000000707600000, 0x0000000707600000| Untracked 
| 119|0x0000000707700000, 0x0000000707700000, 0x0000000707800000|  0%| F|  |TAMS 0x0000000707700000, 0x0000000707700000| Untracked 
| 120|0x0000000707800000, 0x0000000707800000, 0x0000000707900000|  0%| F|  |TAMS 0x0000000707800000, 0x0000000707800000| Untracked 
| 121|0x0000000707900000, 0x0000000707900000, 0x0000000707a00000|  0%| F|  |TAMS 0x0000000707900000, 0x0000000707900000| Untracked 
| 122|0x0000000707a00000, 0x0000000707a00000, 0x0000000707b00000|  0%| F|  |TAMS 0x0000000707a00000, 0x0000000707a00000| Untracked 
| 123|0x0000000707b00000, 0x0000000707b00000, 0x0000000707c00000|  0%| F|  |TAMS 0x0000000707b00000, 0x0000000707b00000| Untracked 
| 124|0x0000000707c00000, 0x0000000707c00000, 0x0000000707d00000|  0%| F|  |TAMS 0x0000000707c00000, 0x0000000707c00000| Untracked 
| 125|0x0000000707d00000, 0x0000000707d00000, 0x0000000707e00000|  0%| F|  |TAMS 0x0000000707d00000, 0x0000000707d00000| Untracked 
| 126|0x0000000707e00000, 0x0000000707e00000, 0x0000000707f00000|  0%| F|  |TAMS 0x0000000707e00000, 0x0000000707e00000| Untracked 
| 127|0x0000000707f00000, 0x0000000707f00000, 0x0000000708000000|  0%| F|  |TAMS 0x0000000707f00000, 0x0000000707f00000| Untracked 
| 128|0x0000000708000000, 0x0000000708000000, 0x0000000708100000|  0%| F|  |TAMS 0x0000000708000000, 0x0000000708000000| Untracked 
| 129|0x0000000708100000, 0x0000000708100000, 0x0000000708200000|  0%| F|  |TAMS 0x0000000708100000, 0x0000000708100000| Untracked 
| 130|0x0000000708200000, 0x0000000708200000, 0x0000000708300000|  0%| F|  |TAMS 0x0000000708200000, 0x0000000708200000| Untracked 
| 131|0x0000000708300000, 0x0000000708300000, 0x0000000708400000|  0%| F|  |TAMS 0x0000000708300000, 0x0000000708300000| Untracked 
| 132|0x0000000708400000, 0x0000000708400000, 0x0000000708500000|  0%| F|  |TAMS 0x0000000708400000, 0x0000000708400000| Untracked 
| 133|0x0000000708500000, 0x00000007085c2040, 0x0000000708600000| 75%| E|  |TAMS 0x0000000708500000, 0x0000000708500000| Complete 
| 134|0x0000000708600000, 0x0000000708700000, 0x0000000708700000|100%| E|CS|TAMS 0x0000000708600000, 0x0000000708600000| Complete 
| 135|0x0000000708700000, 0x0000000708800000, 0x0000000708800000|100%| E|CS|TAMS 0x0000000708700000, 0x0000000708700000| Complete 
| 136|0x0000000708800000, 0x0000000708900000, 0x0000000708900000|100%| E|CS|TAMS 0x0000000708800000, 0x0000000708800000| Complete 
| 137|0x0000000708900000, 0x0000000708a00000, 0x0000000708a00000|100%| E|CS|TAMS 0x0000000708900000, 0x0000000708900000| Complete 
| 138|0x0000000708a00000, 0x0000000708b00000, 0x0000000708b00000|100%| E|CS|TAMS 0x0000000708a00000, 0x0000000708a00000| Complete 
| 139|0x0000000708b00000, 0x0000000708c00000, 0x0000000708c00000|100%| E|CS|TAMS 0x0000000708b00000, 0x0000000708b00000| Complete 
| 140|0x0000000708c00000, 0x0000000708d00000, 0x0000000708d00000|100%| E|CS|TAMS 0x0000000708c00000, 0x0000000708c00000| Complete 
| 141|0x0000000708d00000, 0x0000000708e00000, 0x0000000708e00000|100%| E|CS|TAMS 0x0000000708d00000, 0x0000000708d00000| Complete 

Card table byte_map: [0x000001e87e3e0000,0x000001e87ebe0000] _byte_map_base: 0x000001e87abe0000

Marking Bits (Prev, Next): (CMBitMap*) 0x000001e879bbb038, (CMBitMap*) 0x000001e879bbb070
 Prev Bits: [0x000001e80f000000, 0x000001e813000000)
 Next Bits: [0x000001e813000000, 0x000001e817000000)

Polling page: 0x000001e877b20000

Metaspace:

Usage:
  Non-class:     85.24 MB capacity,    83.29 MB ( 98%) used,     1.64 MB (  2%) free+waste,   313.69 KB ( <1%) overhead. 
      Class:     13.64 MB capacity,    12.56 MB ( 92%) used,   962.90 KB (  7%) free+waste,   145.06 KB (  1%) overhead. 
       Both:     98.88 MB capacity,    95.85 MB ( 97%) used,     2.58 MB (  3%) free+waste,   458.75 KB ( <1%) overhead. 

Virtual space:
  Non-class space:       86.00 MB reserved,      85.42 MB (>99%) committed 
      Class space:        1.00 GB reserved,      13.66 MB (  1%) committed 
             Both:        1.08 GB reserved,      99.08 MB (  9%) committed 

Chunk freelists:
   Non-Class:  62.00 KB
       Class:  0 bytes
        Both:  62.00 KB

MaxMetaspaceSize: 17179869184.00 GB
CompressedClassSpaceSize: 1.00 GB
Initial GC threshold: 20.80 MB
Current GC threshold: 164.30 MB
CDS: off

CodeHeap 'non-profiled nmethods': size=120000Kb used=5694Kb max_used=5694Kb free=114305Kb
 bounds [0x000001e807ad0000, 0x000001e808060000, 0x000001e80f000000]
CodeHeap 'profiled nmethods': size=120000Kb used=23277Kb max_used=23277Kb free=96722Kb
 bounds [0x000001e8005a0000, 0x000001e801c60000, 0x000001e807ad0000]
CodeHeap 'non-nmethods': size=5760Kb used=2398Kb max_used=2445Kb free=3361Kb
 bounds [0x000001e800000000, 0x000001e800280000, 0x000001e8005a0000]
 total_blobs=12603 nmethods=11687 adapters=828
 compilation: enabled
              stopped_count=0, restarted_count=0
 full_count=0

Compilation events (20 events):
Event: 133.398 Thread 0x000001e819a7b800 11943       3       com.google.common.base.Platform::nullToEmpty (11 bytes)
Event: 133.398 Thread 0x000001e819a7b800 nmethod 11943 0x000001e801c46290 code [0x000001e801c46440, 0x000001e801c46578]
Event: 133.400 Thread 0x000001e819a7b800 11944       3       org.gradle.api.internal.provider.ValueSanitizers$3::add (7 bytes)
Event: 133.400 Thread 0x000001e819a7b800 nmethod 11944 0x000001e801c46610 code [0x000001e801c467c0, 0x000001e801c46988]
Event: 133.418 Thread 0x000001e819a7b800 11946       3       org.gradle.api.internal.project.DefaultProject::getVersion (17 bytes)
Event: 133.418 Thread 0x000001e819a7b800 nmethod 11946 0x000001e801c46a90 code [0x000001e801c46c40, 0x000001e801c46d98]
Event: 133.431 Thread 0x000001e819a7b800 11947   !   3       org.gradle.internal.event.DefaultListenerManager::maybeAddPendingRegistrations (95 bytes)
Event: 133.432 Thread 0x000001e819a7b800 nmethod 11947 0x000001e801c46e10 code [0x000001e801c470a0, 0x000001e801c47da8]
Event: 133.442 Thread 0x000001e819a7b800 11948       3       java.security.AccessControlContext::optimize (318 bytes)
Event: 133.448 Thread 0x000001e819a7b800 nmethod 11948 0x000001e801c48490 code [0x000001e801c48800, 0x000001e801c49e18]
Event: 133.448 Thread 0x000001e819a7b800 11949       3       org.gradle.launcher.daemon.protocol.Message::<init> (5 bytes)
Event: 133.448 Thread 0x000001e819a7b800 nmethod 11949 0x000001e801c4a490 code [0x000001e801c4a640, 0x000001e801c4a798]
Event: 133.448 Thread 0x000001e819a7b800 11952       1       java.net.DatagramSocket::isBound (5 bytes)
Event: 133.448 Thread 0x000001e819a7b800 nmethod 11952 0x000001e80805f790 code [0x000001e80805f940, 0x000001e80805f9f8]
Event: 133.448 Thread 0x000001e819a7b800 11950   !   3       org.gradle.internal.remote.internal.inet.SocketConnection::flush (46 bytes)
Event: 133.452 Thread 0x000001e819a7b800 nmethod 11950 0x000001e801c4a890 code [0x000001e801c4ab40, 0x000001e801c4b8c8]
Event: 133.475 Thread 0x000001e819a7b800 11954       3       jdk.internal.reflect.MethodAccessorGenerator::generate (762 bytes)
Event: 133.486 Thread 0x000001e819a7b800 nmethod 11954 0x000001e801c4bd90 code [0x000001e801c4cca0, 0x000001e801c55458]
Event: 133.530 Thread 0x000001e819a7b800 11959       2       java.net.URLClassLoader$3::next (66 bytes)
Event: 133.531 Thread 0x000001e819a7b800 nmethod 11959 0x000001e801c58f10 code [0x000001e801c590e0, 0x000001e801c594b8]

GC Heap History (20 events):
Event: 17.537 GC heap before
{Heap before GC invocations=20 (full 0):
 garbage-first heap   total 145408K, used 119125K [0x0000000700000000, 0x0000000800000000)
  region size 1024K, 53 young (54272K), 5 survivors (5120K)
 Metaspace       used 81408K, capacity 84080K, committed 84304K, reserved 1122304K
  class space    used 10615K, capacity 11596K, committed 11680K, reserved 1048576K
}
Event: 17.544 GC heap after
{Heap after GC invocations=21 (full 0):
 garbage-first heap   total 145408K, used 74003K [0x0000000700000000, 0x0000000800000000)
  region size 1024K, 7 young (7168K), 7 survivors (7168K)
 Metaspace       used 81408K, capacity 84080K, committed 84304K, reserved 1122304K
  class space    used 10615K, capacity 11596K, committed 11680K, reserved 1048576K
}
Event: 18.147 GC heap before
{Heap before GC invocations=22 (full 0):
 garbage-first heap   total 145408K, used 120083K [0x0000000700000000, 0x0000000800000000)
  region size 1024K, 52 young (53248K), 7 survivors (7168K)
 Metaspace       used 86009K, capacity 88576K, committed 88912K, reserved 1126400K
  class space    used 11375K, capacity 12344K, committed 12448K, reserved 1048576K
}
Event: 18.153 GC heap after
{Heap after GC invocations=23 (full 0):
 garbage-first heap   total 145408K, used 76922K [0x0000000700000000, 0x0000000800000000)
  region size 1024K, 4 young (4096K), 4 survivors (4096K)
 Metaspace       used 86009K, capacity 88576K, committed 88912K, reserved 1126400K
  class space    used 11375K, capacity 12344K, committed 12448K, reserved 1048576K
}
Event: 18.436 GC heap before
{Heap before GC invocations=23 (full 0):
 garbage-first heap   total 145408K, used 120954K [0x0000000700000000, 0x0000000800000000)
  region size 1024K, 47 young (48128K), 4 survivors (4096K)
 Metaspace       used 87567K, capacity 90238K, committed 90448K, reserved 1126400K
  class space    used 11585K, capacity 12553K, committed 12704K, reserved 1048576K
}
Event: 18.446 GC heap after
{Heap after GC invocations=24 (full 0):
 garbage-first heap   total 145408K, used 79970K [0x0000000700000000, 0x0000000800000000)
  region size 1024K, 6 young (6144K), 6 survivors (6144K)
 Metaspace       used 87567K, capacity 90238K, committed 90448K, reserved 1126400K
  class space    used 11585K, capacity 12553K, committed 12704K, reserved 1048576K
}
Event: 18.784 GC heap before
{Heap before GC invocations=25 (full 0):
 garbage-first heap   total 145408K, used 120930K [0x0000000700000000, 0x0000000800000000)
  region size 1024K, 46 young (47104K), 6 survivors (6144K)
 Metaspace       used 89374K, capacity 92104K, committed 92240K, reserved 1128448K
  class space    used 11848K, capacity 12883K, committed 12960K, reserved 1048576K
}
Event: 18.790 GC heap after
{Heap after GC invocations=26 (full 0):
 garbage-first heap   total 145408K, used 83690K [0x0000000700000000, 0x0000000800000000)
  region size 1024K, 4 young (4096K), 4 survivors (4096K)
 Metaspace       used 89374K, capacity 92104K, committed 92240K, reserved 1128448K
  class space    used 11848K, capacity 12883K, committed 12960K, reserved 1048576K
}
Event: 19.216 GC heap before
{Heap before GC invocations=26 (full 0):
 garbage-first heap   total 145408K, used 120554K [0x0000000700000000, 0x0000000800000000)
  region size 1024K, 40 young (40960K), 4 survivors (4096K)
 Metaspace       used 93809K, capacity 96727K, committed 96976K, reserved 1132544K
  class space    used 12454K, capacity 13514K, committed 13600K, reserved 1048576K
}
Event: 19.221 GC heap after
{Heap after GC invocations=27 (full 0):
 garbage-first heap   total 145408K, used 85637K [0x0000000700000000, 0x0000000800000000)
  region size 1024K, 2 young (2048K), 2 survivors (2048K)
 Metaspace       used 93809K, capacity 96727K, committed 96976K, reserved 1132544K
  class space    used 12454K, capacity 13514K, committed 13600K, reserved 1048576K
}
Event: 19.565 GC heap before
{Heap before GC invocations=28 (full 0):
 garbage-first heap   total 145408K, used 122501K [0x0000000700000000, 0x0000000800000000)
  region size 1024K, 38 young (38912K), 2 survivors (2048K)
 Metaspace       used 95561K, capacity 98418K, committed 98640K, reserved 1134592K
  class space    used 12656K, capacity 13726K, committed 13728K, reserved 1048576K
}
Event: 19.570 GC heap after
{Heap after GC invocations=29 (full 0):
 garbage-first heap   total 145408K, used 89088K [0x0000000700000000, 0x0000000800000000)
  region size 1024K, 5 young (5120K), 5 survivors (5120K)
 Metaspace       used 95561K, capacity 98418K, committed 98640K, reserved 1134592K
  class space    used 12656K, capacity 13726K, committed 13728K, reserved 1048576K
}
Event: 26.469 GC heap before
{Heap before GC invocations=29 (full 0):
 garbage-first heap   total 145408K, used 122880K [0x0000000700000000, 0x0000000800000000)
  region size 1024K, 38 young (38912K), 5 survivors (5120K)
 Metaspace       used 96302K, capacity 99090K, committed 99280K, reserved 1134592K
  class space    used 12753K, capacity 13812K, committed 13856K, reserved 1048576K
}
Event: 26.477 GC heap after
{Heap after GC invocations=30 (full 0):
 garbage-first heap   total 145408K, used 91647K [0x0000000700000000, 0x0000000800000000)
  region size 1024K, 3 young (3072K), 3 survivors (3072K)
 Metaspace       used 96302K, capacity 99090K, committed 99280K, reserved 1134592K
  class space    used 12753K, capacity 13812K, committed 13856K, reserved 1048576K
}
Event: 40.411 GC heap before
{Heap before GC invocations=31 (full 0):
 garbage-first heap   total 145408K, used 122367K [0x0000000700000000, 0x0000000800000000)
  region size 1024K, 33 young (33792K), 3 survivors (3072K)
 Metaspace       used 97168K, capacity 100122K, committed 100432K, reserved 1136640K
  class space    used 12828K, capacity 13913K, committed 13984K, reserved 1048576K
}
Event: 40.415 GC heap after
{Heap after GC invocations=32 (full 0):
 garbage-first heap   total 145408K, used 93912K [0x0000000700000000, 0x0000000800000000)
  region size 1024K, 5 young (5120K), 5 survivors (5120K)
 Metaspace       used 97168K, capacity 100122K, committed 100432K, reserved 1136640K
  class space    used 12828K, capacity 13913K, committed 13984K, reserved 1048576K
}
Event: 40.914 GC heap before
{Heap before GC invocations=32 (full 0):
 garbage-first heap   total 145408K, used 121560K [0x0000000700000000, 0x0000000800000000)
  region size 1024K, 33 young (33792K), 5 survivors (5120K)
 Metaspace       used 97635K, capacity 100675K, committed 100944K, reserved 1136640K
  class space    used 12845K, capacity 13945K, committed 13984K, reserved 1048576K
}
Event: 40.938 GC heap after
{Heap after GC invocations=33 (full 0):
 garbage-first heap   total 145408K, used 97096K [0x0000000700000000, 0x0000000800000000)
  region size 1024K, 4 young (4096K), 4 survivors (4096K)
 Metaspace       used 97635K, capacity 100675K, committed 100944K, reserved 1136640K
  class space    used 12845K, capacity 13945K, committed 13984K, reserved 1048576K
}
Event: 45.364 GC heap before
{Heap before GC invocations=34 (full 0):
 garbage-first heap   total 145408K, used 121672K [0x0000000700000000, 0x0000000800000000)
  region size 1024K, 29 young (29696K), 4 survivors (4096K)
 Metaspace       used 97890K, capacity 100993K, committed 101200K, reserved 1136640K
  class space    used 12853K, capacity 13956K, committed 13984K, reserved 1048576K
}
Event: 45.370 GC heap after
{Heap after GC invocations=35 (full 0):
 garbage-first heap   total 145408K, used 99505K [0x0000000700000000, 0x0000000800000000)
  region size 1024K, 3 young (3072K), 3 survivors (3072K)
 Metaspace       used 97890K, capacity 100993K, committed 101200K, reserved 1136640K
  class space    used 12853K, capacity 13956K, committed 13984K, reserved 1048576K
}

Deoptimization events (20 events):
Event: 115.019 Thread 0x000001e81c348000 DEOPT PACKING pc=0x000001e80180d77c sp=0x0000007b7a7fec30
Event: 115.019 Thread 0x000001e81c348000 DEOPT UNPACKING pc=0x000001e80004a95e sp=0x0000007b7a7fe1d0 mode 0
Event: 115.043 Thread 0x000001e81c348000 DEOPT PACKING pc=0x000001e80180d77c sp=0x0000007b7a7fec30
Event: 115.043 Thread 0x000001e81c348000 DEOPT UNPACKING pc=0x000001e80004a95e sp=0x0000007b7a7fe1d0 mode 0
Event: 132.558 Thread 0x000001e8204f1000 Uncommon trap: trap_request=0xffffffbe fr.pc=0x000001e808029d8c relative=0x000000000000060c
Event: 132.558 Thread 0x000001e8204f1000 Uncommon trap: reason=profile_predicate action=maybe_recompile pc=0x000001e808029d8c method=java.util.stream.ReferencePipeline$7$1.accept(Ljava/lang/Object;)V @ 73 c2
Event: 132.558 Thread 0x000001e8204f1000 DEOPT PACKING pc=0x000001e808029d8c sp=0x0000007b006fb590
Event: 132.559 Thread 0x000001e8204f1000 DEOPT UNPACKING pc=0x000001e80004a1af sp=0x0000007b006fb558 mode 2
Event: 132.561 Thread 0x000001e8204f1000 Uncommon trap: trap_request=0xffffffbe fr.pc=0x000001e808029d8c relative=0x000000000000060c
Event: 132.561 Thread 0x000001e8204f1000 Uncommon trap: reason=profile_predicate action=maybe_recompile pc=0x000001e808029d8c method=java.util.stream.ReferencePipeline$7$1.accept(Ljava/lang/Object;)V @ 73 c2
Event: 132.561 Thread 0x000001e8204f1000 DEOPT PACKING pc=0x000001e808029d8c sp=0x0000007b006fb2b0
Event: 132.561 Thread 0x000001e8204f1000 DEOPT UNPACKING pc=0x000001e80004a1af sp=0x0000007b006fb278 mode 2
Event: 132.561 Thread 0x000001e8204f1000 Uncommon trap: trap_request=0xffffffbe fr.pc=0x000001e808029d8c relative=0x000000000000060c
Event: 132.561 Thread 0x000001e8204f1000 Uncommon trap: reason=profile_predicate action=maybe_recompile pc=0x000001e808029d8c method=java.util.stream.ReferencePipeline$7$1.accept(Ljava/lang/Object;)V @ 73 c2
Event: 132.561 Thread 0x000001e8204f1000 DEOPT PACKING pc=0x000001e808029d8c sp=0x0000007b006fafd0
Event: 132.562 Thread 0x000001e8204f1000 DEOPT UNPACKING pc=0x000001e80004a1af sp=0x0000007b006faf98 mode 2
Event: 133.014 Thread 0x000001e8204f1000 Uncommon trap: trap_request=0xffffffbe fr.pc=0x000001e808029d8c relative=0x000000000000060c
Event: 133.014 Thread 0x000001e8204f1000 Uncommon trap: reason=profile_predicate action=maybe_recompile pc=0x000001e808029d8c method=java.util.stream.ReferencePipeline$7$1.accept(Ljava/lang/Object;)V @ 73 c2
Event: 133.014 Thread 0x000001e8204f1000 DEOPT PACKING pc=0x000001e808029d8c sp=0x0000007b006f8070
Event: 133.014 Thread 0x000001e8204f1000 DEOPT UNPACKING pc=0x000001e80004a1af sp=0x0000007b006f8038 mode 2

Classes redefined (0 events):
No events

Internal exceptions (20 events):
Event: 19.971 Thread 0x000001e81fa54800 Exception <a 'java/lang/ClassNotFoundException'{0x00000007070dec10}: org/gradle/api/logging/LogLevelCustomizer> (0x00000007070dec10) thrown at [src/hotspot/share/classfile/systemDictionary.cpp, line 230]
Event: 19.976 Thread 0x000001e81fa54800 Exception <a 'java/lang/ClassNotFoundException'{0x0000000706f505f8}: org/gradle/internal/logging/services/DefaultLoggingManagerBeanInfo> (0x0000000706f505f8) thrown at [src/hotspot/share/classfile/systemDictionary.cpp, line 230]
Event: 19.976 Thread 0x000001e81fa54800 Exception <a 'java/lang/ClassNotFoundException'{0x0000000706f84fc8}: org/gradle/internal/logging/services/DefaultLoggingManagerCustomizer> (0x0000000706f84fc8) thrown at [src/hotspot/share/classfile/systemDictionary.cpp, line 230]
Event: 19.981 Thread 0x000001e81fa54800 Exception <a 'java/lang/ClassNotFoundException'{0x0000000706fc11a0}: java/lang/BooleanBeanInfo> (0x0000000706fc11a0) thrown at [src/hotspot/share/classfile/systemDictionary.cpp, line 230]
Event: 19.981 Thread 0x000001e81fa54800 Exception <a 'java/lang/ClassNotFoundException'{0x0000000706fcc638}: java/lang/BooleanCustomizer> (0x0000000706fcc638) thrown at [src/hotspot/share/classfile/systemDictionary.cpp, line 230]
Event: 20.624 Thread 0x000001e81c353000 Implicit null exception at 0x000001e807f17560 to 0x000001e807f17da0
Event: 26.399 Thread 0x000001e81fa54800 Exception <a 'java/lang/reflect/InvocationTargetException'{0x0000000706fdbf10}> (0x0000000706fdbf10) thrown at [src/hotspot/share/runtime/reflection.cpp, line 1247]
Event: 26.670 Thread 0x000001e81b2fa800 Exception <a 'java/lang/NoSuchMethodError'{0x00000007086ad320}: <clinit>> (0x00000007086ad320) thrown at [src/hotspot/share/prims/jni.cpp, line 1367]
Event: 26.672 Thread 0x000001e81b2fa800 Exception <a 'java/lang/NoSuchMethodError'{0x00000007086be340}: <clinit>> (0x00000007086be340) thrown at [src/hotspot/share/prims/jni.cpp, line 1367]
Event: 26.672 Thread 0x000001e81b2fa800 Exception <a 'java/lang/NoSuchMethodError'{0x00000007086bfa28}: <clinit>> (0x00000007086bfa28) thrown at [src/hotspot/share/prims/jni.cpp, line 1367]
Event: 26.674 Thread 0x000001e81b2fa800 Exception <a 'java/lang/NoSuchMethodError'{0x00000007086d1b90}: <clinit>> (0x00000007086d1b90) thrown at [src/hotspot/share/prims/jni.cpp, line 1367]
Event: 26.675 Thread 0x000001e81b2fa800 Exception <a 'java/lang/NoSuchMethodError'{0x00000007086ddf48}: <clinit>> (0x00000007086ddf48) thrown at [src/hotspot/share/prims/jni.cpp, line 1367]
Event: 40.702 Thread 0x000001e81bc0d000 Exception <a 'sun/nio/fs/WindowsException'{0x0000000707c6ae28}> (0x0000000707c6ae28) thrown at [src/hotspot/share/prims/jni.cpp, line 617]
Event: 40.941 Thread 0x000001e81bc0d000 Exception <a 'java/lang/NoClassDefFoundError'{0x0000000708d146f8}: org/jetbrains/kotlin/gradle/plugin/KotlinBasePluginWrapper> (0x0000000708d146f8) thrown at [src/hotspot/share/oops/constantPool.cpp, line 775]
Event: 40.998 Thread 0x000001e81bc0d000 Exception <a 'sun/nio/fs/WindowsException'{0x0000000708b50300}> (0x0000000708b50300) thrown at [src/hotspot/share/prims/jni.cpp, line 617]
Event: 41.047 Thread 0x000001e81bc0d000 Exception <a 'sun/nio/fs/WindowsException'{0x0000000708bed2d0}> (0x0000000708bed2d0) thrown at [src/hotspot/share/prims/jni.cpp, line 617]
Event: 41.048 Thread 0x000001e81bc0d000 Exception <a 'sun/nio/fs/WindowsException'{0x0000000708bee648}> (0x0000000708bee648) thrown at [src/hotspot/share/prims/jni.cpp, line 617]
Event: 41.048 Thread 0x000001e81bc0d000 Exception <a 'sun/nio/fs/WindowsException'{0x0000000708befa10}> (0x0000000708befa10) thrown at [src/hotspot/share/prims/jni.cpp, line 617]
Event: 41.048 Thread 0x000001e81bc0d000 Exception <a 'sun/nio/fs/WindowsException'{0x0000000708bf0dd8}> (0x0000000708bf0dd8) thrown at [src/hotspot/share/prims/jni.cpp, line 617]
Event: 45.301 Thread 0x000001e8204f7800 Exception <a 'java/lang/reflect/InvocationTargetException'{0x000000070781bd60}> (0x000000070781bd60) thrown at [src/hotspot/share/runtime/reflection.cpp, line 1247]

Events (20 events):
Event: 133.201 Executing VM operation: RevokeBias done
Event: 133.229 Executing VM operation: RevokeBias
Event: 133.232 Executing VM operation: RevokeBias done
Event: 133.235 Executing VM operation: RevokeBias
Event: 133.235 Executing VM operation: RevokeBias done
Event: 133.330 Executing VM operation: RevokeBias
Event: 133.331 Executing VM operation: RevokeBias done
Event: 133.349 Executing VM operation: RevokeBias
Event: 133.349 Executing VM operation: RevokeBias done
Event: 133.349 Executing VM operation: RevokeBias
Event: 133.349 Executing VM operation: RevokeBias done
Event: 133.401 Executing VM operation: RevokeBias
Event: 133.401 Executing VM operation: RevokeBias done
Event: 133.402 Executing VM operation: RevokeBias
Event: 133.402 Executing VM operation: RevokeBias done
Event: 133.405 Executing VM operation: RevokeBias
Event: 133.405 Executing VM operation: RevokeBias done
Event: 133.405 Executing VM operation: RevokeBias
Event: 133.405 Executing VM operation: RevokeBias done
Event: 133.444 Thread 0x000001e8204f7800 Thread added: 0x000001e8204f7800


Dynamic libraries:
0x00007ff6e5c20000 - 0x00007ff6e5c2a000 	C:\Program Files\Android\Android Studio\jbr\bin\java.exe
0x00007ffb5e7b0000 - 0x00007ffb5e9a8000 	C:\WINDOWS\SYSTEM32\ntdll.dll
0x00007ffb5d000000 - 0x00007ffb5d0bd000 	C:\WINDOWS\System32\KERNEL32.DLL
0x00007ffb5c3e0000 - 0x00007ffb5c6d6000 	C:\WINDOWS\System32\KERNELBASE.dll
0x00007ffb5c070000 - 0x00007ffb5c170000 	C:\WINDOWS\System32\ucrtbase.dll
0x00007ffb2c940000 - 0x00007ffb2c95b000 	C:\Program Files\Android\Android Studio\jbr\bin\VCRUNTIME140.dll
0x00007ffb2d130000 - 0x00007ffb2d147000 	C:\Program Files\Android\Android Studio\jbr\bin\jli.dll
0x00007ffb5ca70000 - 0x00007ffb5cc0e000 	C:\WINDOWS\System32\USER32.dll
0x00007ffb5c040000 - 0x00007ffb5c062000 	C:\WINDOWS\System32\win32u.dll
0x00007ffb43c00000 - 0x00007ffb43e9a000 	C:\WINDOWS\WinSxS\amd64_microsoft.windows.common-controls_6595b64144ccf1df_6.0.19041.3636_none_60b6a03d71f818d5\COMCTL32.dll
0x00007ffb5ccc0000 - 0x00007ffb5ccec000 	C:\WINDOWS\System32\GDI32.dll
0x00007ffb5e6d0000 - 0x00007ffb5e76e000 	C:\WINDOWS\System32\msvcrt.dll
0x00007ffb5c210000 - 0x00007ffb5c32a000 	C:\WINDOWS\System32\gdi32full.dll
0x00007ffb5c170000 - 0x00007ffb5c20d000 	C:\WINDOWS\System32\msvcp_win.dll
0x00007ffb5d770000 - 0x00007ffb5d7a0000 	C:\WINDOWS\System32\IMM32.DLL
0x00007ffb32030000 - 0x00007ffb3203c000 	C:\Program Files\Android\Android Studio\jbr\bin\vcruntime140_1.dll
0x00007ffb1c000000 - 0x00007ffb1c08d000 	C:\Program Files\Android\Android Studio\jbr\bin\msvcp140.dll
0x00007ffaa6100000 - 0x00007ffaa6cbc000 	C:\Program Files\Android\Android Studio\jbr\bin\server\jvm.dll
0x00007ffb5d640000 - 0x00007ffb5d6ef000 	C:\WINDOWS\System32\ADVAPI32.dll
0x00007ffb5cf00000 - 0x00007ffb5cf9c000 	C:\WINDOWS\System32\sechost.dll
0x00007ffb5c940000 - 0x00007ffb5ca66000 	C:\WINDOWS\System32\RPCRT4.dll
0x00007ffb5d760000 - 0x00007ffb5d768000 	C:\WINDOWS\System32\PSAPI.DLL
0x00007ffb4f180000 - 0x00007ffb4f1a7000 	C:\WINDOWS\SYSTEM32\WINMM.dll
0x00007ffb38f60000 - 0x00007ffb38f69000 	C:\WINDOWS\SYSTEM32\WSOCK32.dll
0x00007ffb53880000 - 0x00007ffb5388a000 	C:\WINDOWS\SYSTEM32\VERSION.dll
0x00007ffb5d6f0000 - 0x00007ffb5d75b000 	C:\WINDOWS\System32\WS2_32.dll
0x00007ffb59d50000 - 0x00007ffb59d62000 	C:\WINDOWS\SYSTEM32\kernel.appcore.dll
0x00007ffb30180000 - 0x00007ffb30190000 	C:\Program Files\Android\Android Studio\jbr\bin\verify.dll
0x00007ffb478b0000 - 0x00007ffb47a94000 	C:\WINDOWS\SYSTEM32\DBGHELP.DLL
0x00007ffb41ff0000 - 0x00007ffb42024000 	C:\WINDOWS\SYSTEM32\dbgcore.DLL
0x00007ffb5c780000 - 0x00007ffb5c802000 	C:\WINDOWS\System32\bcryptPrimitives.dll
0x00007ffb24810000 - 0x00007ffb24838000 	C:\Program Files\Android\Android Studio\jbr\bin\java.dll
0x00007ffb2c8e0000 - 0x00007ffb2c8ea000 	C:\Program Files\Android\Android Studio\jbr\bin\jimage.dll
0x00007ffb2c840000 - 0x00007ffb2c858000 	C:\Program Files\Android\Android Studio\jbr\bin\zip.dll
0x00007ffb5d900000 - 0x00007ffb5e045000 	C:\WINDOWS\System32\SHELL32.dll
0x00007ffb59f50000 - 0x00007ffb5a6eb000 	C:\WINDOWS\SYSTEM32\windows.storage.dll
0x00007ffb5e0b0000 - 0x00007ffb5e404000 	C:\WINDOWS\System32\combase.dll
0x00007ffb5b8d0000 - 0x00007ffb5b8fd000 	C:\WINDOWS\SYSTEM32\Wldp.dll
0x00007ffb5cc10000 - 0x00007ffb5ccbd000 	C:\WINDOWS\System32\SHCORE.dll
0x00007ffb5cfa0000 - 0x00007ffb5cff5000 	C:\WINDOWS\System32\shlwapi.dll
0x00007ffb5bdc0000 - 0x00007ffb5bde5000 	C:\WINDOWS\SYSTEM32\profapi.dll
0x00007ffb24620000 - 0x00007ffb24639000 	C:\Program Files\Android\Android Studio\jbr\bin\net.dll
0x00007ffb53470000 - 0x00007ffb5357a000 	C:\WINDOWS\SYSTEM32\WINHTTP.dll
0x00007ffb5b630000 - 0x00007ffb5b69a000 	C:\WINDOWS\system32\mswsock.dll
0x00007ffb240a0000 - 0x00007ffb240b3000 	C:\Program Files\Android\Android Studio\jbr\bin\nio.dll
0x00007ffb13e80000 - 0x00007ffb13ea7000 	C:\Users\Mannu\.gradle\native\e1d6ef7f7dcc3fd88c89a11ec53ec762bb8ba0a96d01ffa2cd45eb1d1d8dd5c5\windows-amd64\native-platform.dll
0x00007ffaf7920000 - 0x00007ffaf7a64000 	C:\Users\Mannu\.gradle\native\0d407fdbe67a94daf76414ababcb853783967236a71b16ec16e742cd7a986fd3\windows-amd64\native-platform-file-events.dll
0x00007ffb2c8d0000 - 0x00007ffb2c8da000 	C:\Program Files\Android\Android Studio\jbr\bin\management.dll
0x00007ffb2bd60000 - 0x00007ffb2bd6b000 	C:\Program Files\Android\Android Studio\jbr\bin\management_ext.dll
0x00007ffb5b820000 - 0x00007ffb5b838000 	C:\WINDOWS\SYSTEM32\CRYPTSP.dll
0x00007ffb5aef0000 - 0x00007ffb5af24000 	C:\WINDOWS\system32\rsaenh.dll
0x00007ffb5c750000 - 0x00007ffb5c777000 	C:\WINDOWS\System32\bcrypt.dll
0x00007ffb5bd40000 - 0x00007ffb5bd6e000 	C:\WINDOWS\SYSTEM32\USERENV.dll
0x00007ffb5b840000 - 0x00007ffb5b84c000 	C:\WINDOWS\SYSTEM32\CRYPTBASE.dll
0x00007ffb5b2d0000 - 0x00007ffb5b30b000 	C:\WINDOWS\SYSTEM32\IPHLPAPI.DLL
0x00007ffb5d8f0000 - 0x00007ffb5d8f8000 	C:\WINDOWS\System32\NSI.dll
0x00007ffb54ac0000 - 0x00007ffb54ad7000 	C:\WINDOWS\SYSTEM32\dhcpcsvc6.DLL
0x00007ffb54710000 - 0x00007ffb5472d000 	C:\WINDOWS\SYSTEM32\dhcpcsvc.DLL
0x00007ffb5b310000 - 0x00007ffb5b3da000 	C:\WINDOWS\SYSTEM32\DNSAPI.dll

dbghelp: loaded successfully - version: 4.0.5 - missing functions: none
symbol engine: initialized successfully - sym options: 0x614 - pdb path: .;C:\Program Files\Android\Android Studio\jbr\bin;C:\WINDOWS\SYSTEM32;C:\WINDOWS\WinSxS\amd64_microsoft.windows.common-controls_6595b64144ccf1df_6.0.19041.3636_none_60b6a03d71f818d5;C:\Program Files\Android\Android Studio\jbr\bin\server;C:\Users\Mannu\.gradle\native\e1d6ef7f7dcc3fd88c89a11ec53ec762bb8ba0a96d01ffa2cd45eb1d1d8dd5c5\windows-amd64;C:\Users\Mannu\.gradle\native\0d407fdbe67a94daf76414ababcb853783967236a71b16ec16e742cd7a986fd3\windows-amd64

VM Arguments:
jvm_args: --add-opens=java.base/java.util=ALL-UNNAMED --add-opens=java.base/java.lang=ALL-UNNAMED --add-opens=java.base/java.lang.invoke=ALL-UNNAMED --add-opens=java.base/java.util=ALL-UNNAMED --add-opens=java.prefs/java.util.prefs=ALL-UNNAMED --add-opens=java.prefs/java.util.prefs=ALL-UNNAMED --add-opens=java.base/java.nio.charset=ALL-UNNAMED --add-opens=java.base/java.net=ALL-UNNAMED --add-opens=java.base/java.util.concurrent.atomic=ALL-UNNAMED -Xmx4G -Dfile.encoding=windows-1251 -Duser.country=IN -Duser.language=en -Duser.variant 
java_command: org.gradle.launcher.daemon.bootstrap.GradleDaemon 7.5
java_class_path (initial): C:\Users\Mannu\.gradle\wrapper\dists\gradle-7.5-all\6qsw290k5lz422uaf8jf6m7co\gradle-7.5\lib\gradle-launcher-7.5.jar
Launcher Type: SUN_STANDARD

[Global flags]
     intx CICompilerCount                          = 4                                         {product} {ergonomic}
     uint ConcGCThreads                            = 3                                         {product} {ergonomic}
     uint G1ConcRefinementThreads                  = 10                                        {product} {ergonomic}
   size_t G1HeapRegionSize                         = 1048576                                   {product} {ergonomic}
    uintx GCDrainStackTargetSize                   = 64                                        {product} {ergonomic}
   size_t InitialHeapSize                          = 123731968                                 {product} {ergonomic}
   size_t MarkStackSize                            = 4194304                                   {product} {ergonomic}
   size_t MaxHeapSize                              = 4294967296                                {product} {command line}
   size_t MaxNewSize                               = 2576351232                                {product} {ergonomic}
   size_t MinHeapDeltaBytes                        = 1048576                                   {product} {ergonomic}
    uintx NonNMethodCodeHeapSize                   = 5836300                                {pd product} {ergonomic}
    uintx NonProfiledCodeHeapSize                  = 122910970                              {pd product} {ergonomic}
    uintx ProfiledCodeHeapSize                     = 122910970                              {pd product} {ergonomic}
    uintx ReservedCodeCacheSize                    = 251658240                              {pd product} {ergonomic}
     bool SegmentedCodeCache                       = true                                      {product} {ergonomic}
     bool UseCompressedClassPointers               = true                                 {lp64_product} {ergonomic}
     bool UseCompressedOops                        = true                                 {lp64_product} {ergonomic}
     bool UseG1GC                                  = true                                      {product} {ergonomic}
     bool UseLargePagesIndividualAllocation        = false                                  {pd product} {ergonomic}

Logging:
Log output configuration:
 #0: stdout all=warning uptime,level,tags
 #1: stderr all=off uptime,level,tags

Environment Variables:
JAVA_HOME=C:\Program Files\Android\Android Studio\jbr
CLASSPATH=D:\Flutter\flappybird\android\\gradle\wrapper\gradle-wrapper.jar
PATH=C:\Program Files\Android\Android Studio\jbr\bin;C:\src\flutter\bin\;C:\oraclexe\app\oracle\product\11.2.0\server\bin;C:\Program Files (x86)\Common Files\Intel\Shared Libraries\redist\intel64\compiler;C:\Program Files\Common Files\Oracle\Java\javapath;C:\windows\system32;C:\windows;C:\windows\System32\Wbem;C:\windows\System32\WindowsPowerShell\v1.0\;C:\windows\System32\OpenSSH\;C:\Program Files (x86)\NVIDIA Corporation\PhysX\Common;C:\Program Files\NVIDIA Corporation\NVIDIA NvDLISR;C:\WINDOWS\system32;C:\WINDOWS;C:\WINDOWS\System32\Wbem;C:\WINDOWS\System32\WindowsPowerShell\v1.0\;C:\WINDOWS\System32\OpenSSH\;C:\Program Files\Cloudflare\Cloudflare WARP;C:\msys64\mingw64\bin;C:\Program Files\Java\jdk-17.0.2\bin;C:\Program Files\Git\cmd;C:\Program Files\Java\jdk-17.0.2;C:\Program Files\dotnet\;C:\Program Files\nodejs\;C:\Users\Mannu\Downloads\Compressed\cloudsim-3.0.3;C:\Program Files\Java\jdk-19\bin;C:\Program Files\Cloudflare\Cloudflare WARP\;C:\Users\Mannu\anaconda3;C:\Users\Mannu\anaconda3\Library\mingw-w64\bin;C:\Users\Mannu\anaconda3\Library\usr\bin;C:\Users\Mannu\anaconda3\Library\bin;C:\Users\Mannu\anaconda3\Scripts;C:\Users\Mannu\AppData\Local\Programs\Python\Python39\Scripts\;C:\Users\Mannu\AppData\Local\Programs\Python\Python39\;C:\Users\Mannu\AppData\Local\Microsoft\WindowsApps;C:\Program Files\heroku\bin;C:\Program Files\JetBrains\PyCharm 2021.3.3\bin;C:\Users\Mannu\AppData\Local\spicetify;C:\Users\Mannu\AppData\Roaming\npm;C:\src\flutter\bin;C:\Users\Mannu\AppData\Local\Programs\Microsoft VS Code\bin;C:\Users\Mannu\AppData\Local\Microsoft\WindowsApps;C:\src\flutter\bin\mingit\cmd
USERNAME=Mannu
LANG=en_US.UTF-8
OS=Windows_NT
PROCESSOR_IDENTIFIER=AMD64 Family 23 Model 96 Stepping 1, AuthenticAMD



---------------  S Y S T E M  ---------------

OS: Windows 10 , 64 bit Build 19041 (10.0.19041.3636)
OS uptime: 0 days 6:33 hours

CPU:total 12 (initial active 12) (12 cores per cpu, 2 threads per core) family 23 model 96 stepping 1 microcode 0x0, cmov, cx8, fxsr, mmx, sse, sse2, sse3, ssse3, sse4.1, sse4.2, popcnt, avx, avx2, aes, clmul, mmxext, 3dnowpref, lzcnt, sse4a, ht, tsc, tscinvbit, tscinv, bmi1, bmi2, adx, sha, fma

Memory: 4k page, system-wide physical 7541M (116M free)
TotalPageFile size 23541M (AvailPageFile size 4M)
current process WorkingSet (physical memory assigned to process): 122M, peak: 407M
current process commit charge ("private bytes"): 443M, peak: 452M

vm_info: OpenJDK 64-Bit Server VM (11.0.15+0-b2043.56-9505619) for windows-amd64 JRE (11.0.15+0-b2043.56-9505619), built on Jan 19 2023 02:48:00 by "builduser" with unknown MS VC++:1929

END.
